<?xml version="1.0" encoding="UTF-8"?>
<testsuite name="com.efrei.gererparcitapp.GererParcItAppApplicationTests" tests="1" skipped="0" failures="0" errors="0" timestamp="2024-03-27T14:52:55" hostname="ACER_KYLLIAN" time="0.919">
  <properties/>
  <testcase name="contextLoads()" classname="com.efrei.gererparcitapp.GererParcItAppApplicationTests" time="0.919"/>
  <system-out><![CDATA[15:52:53.435 [Test worker] INFO org.springframework.test.context.support.AnnotationConfigContextLoaderUtils -- Could not detect default configuration classes for test class [com.efrei.gererparcitapp.GererParcItAppApplicationTests]: GererParcItAppApplicationTests does not declare any static, non-private, non-final, nested classes annotated with @Configuration.
15:52:53.662 [Test worker] INFO org.springframework.boot.test.context.SpringBootTestContextBootstrapper -- Found @SpringBootConfiguration com.efrei.gererparcitapp.GererParcItAppApplication for test class com.efrei.gererparcitapp.GererParcItAppApplicationTests

  .   ____          _            __ _ _
 /\\ / ___'_ __ _ _(_)_ __  __ _ \ \ \ \
( ( )\___ | '_ | '_| | '_ \/ _` | \ \ \ \
 \\/  ___)| |_)| | | | | || (_| |  ) ) ) )
  '  |____| .__|_| |_|_| |_\__, | / / / /
 =========|_|==============|___/=/_/_/_/
 :: Spring Boot ::                (v3.2.4)

2024-03-27T15:52:54.200+01:00  INFO 3692 --- [gerer-parc-it-app] [    Test worker] c.e.g.GererParcItAppApplicationTests     : Starting GererParcItAppApplicationTests using Java 17.0.10 with PID 3692 (started by warax in C:\Users\warax\OneDrive\Documents\EFREI\GERER PARC\gerer-parc-it-app)
2024-03-27T15:52:54.201+01:00  INFO 3692 --- [gerer-parc-it-app] [    Test worker] c.e.g.GererParcItAppApplicationTests     : No active profile set, falling back to 1 default profile: "default"
2024-03-27T15:52:55.893+01:00  INFO 3692 --- [gerer-parc-it-app] [    Test worker] c.e.g.GererParcItAppApplicationTests     : Started GererParcItAppApplicationTests in 1.976 seconds (process running for 3.985)
]]></system-out>
  <system-err><![CDATA[]]></system-err>
</testsuite>
